<?xml version="1.0" encoding="UTF-8"?>
<!-- Generated by org.testng.reporters.JUnitXMLReporter -->
<testsuite ignored="0" hostname="MSI" failures="0" tests="3" name="Command line test" time="3.294" errors="0" timestamp="2021-09-12T22:31:33 MSK">
  <testcase classname="com.stv.factory.factorytests.BasicFactoryTest" name="@BeforeClass setUp" time="0.004">
    <failure type="org.openqa.selenium.NoSuchSessionException" message="Session ID is null. Using WebDriver after calling quit()?
Build info: version: &amp;apos;3.141.59&amp;apos;, revision: &amp;apos;e82be7d358&amp;apos;, time: &amp;apos;2018-11-14T08:17:03&amp;apos;
System info: host: &amp;apos;MSI&amp;apos;, ip: &amp;apos;192.168.100.8&amp;apos;, os.name: &amp;apos;Windows 10&amp;apos;, os.arch: &amp;apos;amd64&amp;apos;, os.version: &amp;apos;10.0&amp;apos;, java.version: &amp;apos;11.0.12&amp;apos;
Driver info: driver.version: RemoteWebDriver">
      <![CDATA[org.openqa.selenium.NoSuchSessionException: Session ID is null. Using WebDriver after calling quit()?
Build info: version: '3.141.59', revision: 'e82be7d358', time: '2018-11-14T08:17:03'
System info: host: 'MSI', ip: '192.168.100.8', os.name: 'Windows 10', os.arch: 'amd64', os.version: '10.0', java.version: '11.0.12'
Driver info: driver.version: RemoteWebDriver
at org.openqa.selenium.remote.HttpCommandExecutor.execute(HttpCommandExecutor.java:125)
at org.openqa.selenium.remote.service.DriverCommandExecutor.execute(DriverCommandExecutor.java:83)
at org.openqa.selenium.remote.RemoteWebDriver.execute(RemoteWebDriver.java:552)
at org.openqa.selenium.remote.RemoteWebDriver.get(RemoteWebDriver.java:277)
at com.stv.factory.factorytests.BasicFactoryTest.setUp(BasicFactoryTest.java:20)
at java.base/java.util.ArrayList.forEach(ArrayList.java:1541)
... Removed 35 stack frames]]>
    </failure>
  </testcase> <!-- @BeforeClass setUp -->
  <testcase classname="com.stv.factory.factorytests.BasicFactoryTest" name="@AfterClass afterClass" time="-1.63147509332E9">
    <skipped/>
  </testcase> <!-- @AfterClass afterClass -->
  <testcase classname="com.stv.design.designtests.MainTest" name="assertWiggleIconIsDisplayed" time="0.058"/>
  <testcase classname="com.stv.factory.factorytests.MainFactoryTest" name="assertAccountIconIsDisplayed" time="0.001">
    <skipped/>
  </testcase> <!-- assertAccountIconIsDisplayed -->
  <testcase classname="com.stv.factory.factorytests.MainFactoryTest" name="assertLoginPageOpened" time="0.0">
    <skipped/>
  </testcase> <!-- assertLoginPageOpened -->
</testsuite> <!-- Command line test -->
